#! /c/Source/iverilog-install/bin/vvp
:ivl_version "12.0 (devel)" "(s20150603-1539-g2693dd32b)";
:ivl_delay_selection "TYPICAL";
:vpi_time_precision + 0;
:vpi_module "C:\iverilog\lib\ivl\system.vpi";
:vpi_module "C:\iverilog\lib\ivl\vhdl_sys.vpi";
:vpi_module "C:\iverilog\lib\ivl\vhdl_textio.vpi";
:vpi_module "C:\iverilog\lib\ivl\v2005_math.vpi";
:vpi_module "C:\iverilog\lib\ivl\va_math.vpi";
S_00000160f6696a20 .scope module, "i2c_refactor" "i2c_refactor" 2 2;
 .timescale 0 0;
    .port_info 0 /INPUT 1 "clk";
    .port_info 1 /INPUT 1 "rst";
    .port_info 2 /INPUT 1 "start";
    .port_info 3 /INPUT 1 "rw";
    .port_info 4 /INPUT 7 "addr";
    .port_info 5 /INPUT 8 "reg_addr";
    .port_info 6 /INPUT 8 "data_in";
    .port_info 7 /OUTPUT 8 "data_out";
    .port_info 8 /OUTPUT 1 "done";
    .port_info 9 /INOUT 1 "sda";
    .port_info 10 /OUTPUT 1 "scl";
P_00000160f66df840 .param/l "ADDR_READ" 1 2 48, C4<01010011>;
P_00000160f66df878 .param/l "ADDR_WRITE" 1 2 47, C4<01010010>;
P_00000160f66df8b0 .param/l "CLK_DIV" 0 2 54, +C4<00000000000000000000000011111010>;
P_00000160f66df8e8 .param/l "DONE" 1 2 28, C4<1010>;
P_00000160f66df920 .param/l "IDLE" 1 2 18, C4<0000>;
P_00000160f66df958 .param/l "READ_BLUE" 1 2 50, C4<00011000>;
P_00000160f66df990 .param/l "READ_BYTE_1" 1 2 26, C4<1000>;
P_00000160f66df9c8 .param/l "READ_GREEN" 1 2 51, C4<00011010>;
P_00000160f66dfa00 .param/l "READ_RED" 1 2 49, C4<00010110>;
P_00000160f66dfa38 .param/l "RESTART" 1 2 23, C4<0101>;
P_00000160f66dfa70 .param/l "SEND_ADDR_READ" 1 2 24, C4<0110>;
P_00000160f66dfaa8 .param/l "SEND_ADDR_WRITE" 1 2 20, C4<0010>;
P_00000160f66dfae0 .param/l "SEND_REG_ADR" 1 2 22, C4<0100>;
P_00000160f66dfb18 .param/l "START" 1 2 19, C4<0001>;
P_00000160f66dfb50 .param/l "START_CONSTANT" 1 2 46, C4<00010100>;
P_00000160f66dfb88 .param/l "STOP" 1 2 27, C4<1001>;
P_00000160f66dfbc0 .param/l "WAIT_ACK_1" 1 2 21, C4<0011>;
P_00000160f66dfbf8 .param/l "WAIT_ACK_2" 1 2 25, C4<0111>;
L_00000160f66d6fb0 .functor BUFZ 1, v00000160f6751fd0_0, C4<0>, C4<0>, C4<0>;
o00000160f6701fa8 .functor BUFZ 1, C4<z>; HiZ drive
; Elide local net with no drivers, v00000160f66970a0_0 name=_ivl_2
o00000160f6701fd8 .functor BUFZ 7, C4<zzzzzzz>; HiZ drive
v00000160f669b680_0 .net "addr", 6 0, o00000160f6701fd8;  0 drivers
v00000160f669b720_0 .var "bit_cnt", 3 0;
o00000160f6702038 .functor BUFZ 1, C4<z>; HiZ drive
v00000160f6696bb0_0 .net "clk", 0 0, o00000160f6702038;  0 drivers
v00000160f6696c50_0 .var "clk_div_cnt", 15 0;
o00000160f6702098 .functor BUFZ 8, C4<zzzzzzzz>; HiZ drive
v00000160f6696cf0_0 .net "data_in", 7 0, o00000160f6702098;  0 drivers
v00000160f6696d90_0 .var "data_out", 7 0;
v00000160f6696e30_0 .var "done", 0 0;
v00000160f66e44a0_0 .var "fsm_state", 4 0;
v00000160f66e4540_0 .var "next_state", 4 0;
o00000160f6702188 .functor BUFZ 8, C4<zzzzzzzz>; HiZ drive
v00000160f6751080_0 .net "reg_addr", 7 0, o00000160f6702188;  0 drivers
o00000160f67021b8 .functor BUFZ 1, C4<z>; HiZ drive
v00000160f6751120_0 .net "rst", 0 0, o00000160f67021b8;  0 drivers
o00000160f67021e8 .functor BUFZ 1, C4<z>; HiZ drive
v00000160f6752110_0 .net "rw", 0 0, o00000160f67021e8;  0 drivers
v00000160f6751490_0 .net "scl", 0 0, L_00000160f66d6fb0;  1 drivers
v00000160f6751fd0_0 .var "scl_reg", 0 0;
o00000160f6702278 .functor BUFZ 1, C4<z>; HiZ drive
v00000160f6751350_0 .net "scl_tick", 0 0, o00000160f6702278;  0 drivers
v00000160f6751ad0_0 .net "sda", 0 0, L_00000160f6752070;  1 drivers
v00000160f6751f30_0 .var "sda_out", 0 0;
v00000160f6751530_0 .var "sda_out_en", 0 0;
v00000160f67513f0_0 .var "shift_reg", 7 0;
o00000160f6702368 .functor BUFZ 1, C4<z>; HiZ drive
v00000160f67517b0_0 .net "start", 0 0, o00000160f6702368;  0 drivers
E_00000160f66de8e0 .event posedge, v00000160f6696bb0_0;
E_00000160f66deee0/0 .event anyedge, v00000160f66e44a0_0, v00000160f67517b0_0, v00000160f6751350_0, v00000160f669b720_0;
E_00000160f66deee0/1 .event anyedge, v00000160f6751ad0_0;
E_00000160f66deee0 .event/or E_00000160f66deee0/0, E_00000160f66deee0/1;
E_00000160f66df160 .event posedge, v00000160f6751120_0, v00000160f6696bb0_0;
L_00000160f6752070 .functor MUXZ 1, o00000160f6701fa8, v00000160f6751f30_0, v00000160f6751530_0, C4<>;
    .scope S_00000160f6696a20;
T_0 ;
    %wait E_00000160f66df160;
    %load/vec4 v00000160f6751120_0;
    %flag_set/vec4 8;
    %jmp/0xz  T_0.0, 8;
    %pushi/vec4 0, 0, 16;
    %assign/vec4 v00000160f6696c50_0, 0;
    %pushi/vec4 1, 0, 1;
    %assign/vec4 v00000160f6751fd0_0, 0;
    %jmp T_0.1;
T_0.0 ;
    %load/vec4 v00000160f6696c50_0;
    %pad/u 32;
    %cmpi/e 249, 0, 32;
    %jmp/0xz  T_0.2, 4;
    %pushi/vec4 0, 0, 16;
    %assign/vec4 v00000160f6696c50_0, 0;
    %load/vec4 v00000160f6751fd0_0;
    %inv;
    %assign/vec4 v00000160f6751fd0_0, 0;
    %jmp T_0.3;
T_0.2 ;
    %load/vec4 v00000160f6696c50_0;
    %addi 1, 0, 16;
    %assign/vec4 v00000160f6696c50_0, 0;
T_0.3 ;
T_0.1 ;
    %jmp T_0;
    .thread T_0;
    .scope S_00000160f6696a20;
T_1 ;
    %wait E_00000160f66df160;
    %load/vec4 v00000160f6751120_0;
    %flag_set/vec4 8;
    %jmp/0xz  T_1.0, 8;
    %pushi/vec4 0, 0, 5;
    %assign/vec4 v00000160f66e44a0_0, 0;
    %jmp T_1.1;
T_1.0 ;
    %load/vec4 v00000160f66e4540_0;
    %assign/vec4 v00000160f66e44a0_0, 0;
T_1.1 ;
    %jmp T_1;
    .thread T_1;
    .scope S_00000160f6696a20;
T_2 ;
    %wait E_00000160f66deee0;
    %load/vec4 v00000160f66e44a0_0;
    %dup/vec4;
    %pushi/vec4 0, 0, 5;
    %cmp/u;
    %jmp/1 T_2.0, 6;
    %dup/vec4;
    %pushi/vec4 1, 0, 5;
    %cmp/u;
    %jmp/1 T_2.1, 6;
    %dup/vec4;
    %pushi/vec4 2, 0, 5;
    %cmp/u;
    %jmp/1 T_2.2, 6;
    %dup/vec4;
    %pushi/vec4 3, 0, 5;
    %cmp/u;
    %jmp/1 T_2.3, 6;
    %dup/vec4;
    %pushi/vec4 4, 0, 5;
    %cmp/u;
    %jmp/1 T_2.4, 6;
    %dup/vec4;
    %pushi/vec4 5, 0, 5;
    %cmp/u;
    %jmp/1 T_2.5, 6;
    %dup/vec4;
    %pushi/vec4 6, 0, 5;
    %cmp/u;
    %jmp/1 T_2.6, 6;
    %dup/vec4;
    %pushi/vec4 7, 0, 5;
    %cmp/u;
    %jmp/1 T_2.7, 6;
    %dup/vec4;
    %pushi/vec4 8, 0, 5;
    %cmp/u;
    %jmp/1 T_2.8, 6;
    %dup/vec4;
    %pushi/vec4 9, 0, 5;
    %cmp/u;
    %jmp/1 T_2.9, 6;
    %dup/vec4;
    %pushi/vec4 10, 0, 5;
    %cmp/u;
    %jmp/1 T_2.10, 6;
    %pushi/vec4 0, 0, 5;
    %assign/vec4 v00000160f66e4540_0, 0;
    %jmp T_2.12;
T_2.0 ;
    %load/vec4 v00000160f67517b0_0;
    %flag_set/vec4 8;
    %jmp/0 T_2.13, 8;
    %pushi/vec4 1, 0, 5;
    %jmp/1 T_2.14, 8;
T_2.13 ; End of true expr.
    %pushi/vec4 0, 0, 5;
    %jmp/0 T_2.14, 8;
 ; End of false expr.
    %blend;
T_2.14;
    %assign/vec4 v00000160f66e4540_0, 0;
    %jmp T_2.12;
T_2.1 ;
    %pushi/vec4 2, 0, 5;
    %assign/vec4 v00000160f66e4540_0, 0;
    %jmp T_2.12;
T_2.2 ;
    %load/vec4 v00000160f6751350_0;
    %flag_set/vec4 8;
    %jmp/0 T_2.15, 8;
    %load/vec4 v00000160f669b720_0;
    %pad/u 32;
    %cmpi/e 7, 0, 32;
    %flag_mov 9, 4;
    %jmp/0 T_2.17, 9;
    %pushi/vec4 3, 0, 5;
    %jmp/1 T_2.18, 9;
T_2.17 ; End of true expr.
    %pushi/vec4 2, 0, 5;
    %jmp/0 T_2.18, 9;
 ; End of false expr.
    %blend;
T_2.18;
    %jmp/1 T_2.16, 8;
T_2.15 ; End of true expr.
    %pushi/vec4 2, 0, 5;
    %jmp/0 T_2.16, 8;
 ; End of false expr.
    %blend;
T_2.16;
    %assign/vec4 v00000160f66e4540_0, 0;
    %jmp T_2.12;
T_2.3 ;
    %load/vec4 v00000160f6751350_0;
    %flag_set/vec4 8;
    %jmp/0 T_2.19, 8;
    %load/vec4 v00000160f6751ad0_0;
    %pad/u 32;
    %cmpi/e 0, 0, 32;
    %flag_mov 9, 4;
    %jmp/0 T_2.21, 9;
    %pushi/vec4 4, 0, 5;
    %jmp/1 T_2.22, 9;
T_2.21 ; End of true expr.
    %pushi/vec4 3, 0, 5;
    %jmp/0 T_2.22, 9;
 ; End of false expr.
    %blend;
T_2.22;
    %jmp/1 T_2.20, 8;
T_2.19 ; End of true expr.
    %pushi/vec4 3, 0, 5;
    %jmp/0 T_2.20, 8;
 ; End of false expr.
    %blend;
T_2.20;
    %assign/vec4 v00000160f66e4540_0, 0;
    %jmp T_2.12;
T_2.4 ;
    %load/vec4 v00000160f6751350_0;
    %flag_set/vec4 8;
    %jmp/0 T_2.23, 8;
    %load/vec4 v00000160f669b720_0;
    %pad/u 32;
    %cmpi/e 0, 0, 32;
    %flag_mov 9, 4;
    %jmp/0 T_2.25, 9;
    %pushi/vec4 5, 0, 5;
    %jmp/1 T_2.26, 9;
T_2.25 ; End of true expr.
    %pushi/vec4 4, 0, 5;
    %jmp/0 T_2.26, 9;
 ; End of false expr.
    %blend;
T_2.26;
    %jmp/1 T_2.24, 8;
T_2.23 ; End of true expr.
    %pushi/vec4 4, 0, 5;
    %jmp/0 T_2.24, 8;
 ; End of false expr.
    %blend;
T_2.24;
    %assign/vec4 v00000160f66e4540_0, 0;
    %jmp T_2.12;
T_2.5 ;
    %load/vec4 v00000160f6751350_0;
    %flag_set/vec4 8;
    %jmp/0 T_2.27, 8;
    %pushi/vec4 6, 0, 5;
    %jmp/1 T_2.28, 8;
T_2.27 ; End of true expr.
    %pushi/vec4 5, 0, 5;
    %jmp/0 T_2.28, 8;
 ; End of false expr.
    %blend;
T_2.28;
    %assign/vec4 v00000160f66e4540_0, 0;
    %jmp T_2.12;
T_2.6 ;
    %load/vec4 v00000160f6751350_0;
    %flag_set/vec4 8;
    %jmp/0 T_2.29, 8;
    %load/vec4 v00000160f669b720_0;
    %pad/u 32;
    %cmpi/e 0, 0, 32;
    %flag_mov 9, 4;
    %jmp/0 T_2.31, 9;
    %pushi/vec4 7, 0, 5;
    %jmp/1 T_2.32, 9;
T_2.31 ; End of true expr.
    %pushi/vec4 6, 0, 5;
    %jmp/0 T_2.32, 9;
 ; End of false expr.
    %blend;
T_2.32;
    %jmp/1 T_2.30, 8;
T_2.29 ; End of true expr.
    %pushi/vec4 6, 0, 5;
    %jmp/0 T_2.30, 8;
 ; End of false expr.
    %blend;
T_2.30;
    %assign/vec4 v00000160f66e4540_0, 0;
    %jmp T_2.12;
T_2.7 ;
    %load/vec4 v00000160f6751350_0;
    %flag_set/vec4 8;
    %jmp/0 T_2.33, 8;
    %load/vec4 v00000160f6751ad0_0;
    %pad/u 32;
    %cmpi/e 0, 0, 32;
    %flag_mov 9, 4;
    %jmp/0 T_2.35, 9;
    %pushi/vec4 8, 0, 5;
    %jmp/1 T_2.36, 9;
T_2.35 ; End of true expr.
    %pushi/vec4 9, 0, 5;
    %jmp/0 T_2.36, 9;
 ; End of false expr.
    %blend;
T_2.36;
    %jmp/1 T_2.34, 8;
T_2.33 ; End of true expr.
    %pushi/vec4 7, 0, 5;
    %jmp/0 T_2.34, 8;
 ; End of false expr.
    %blend;
T_2.34;
    %assign/vec4 v00000160f66e4540_0, 0;
    %jmp T_2.12;
T_2.8 ;
    %load/vec4 v00000160f6751350_0;
    %flag_set/vec4 8;
    %jmp/0 T_2.37, 8;
    %load/vec4 v00000160f669b720_0;
    %pad/u 32;
    %cmpi/e 0, 0, 32;
    %flag_mov 9, 4;
    %jmp/0 T_2.39, 9;
    %pushi/vec4 9, 0, 5;
    %jmp/1 T_2.40, 9;
T_2.39 ; End of true expr.
    %pushi/vec4 8, 0, 5;
    %jmp/0 T_2.40, 9;
 ; End of false expr.
    %blend;
T_2.40;
    %jmp/1 T_2.38, 8;
T_2.37 ; End of true expr.
    %pushi/vec4 8, 0, 5;
    %jmp/0 T_2.38, 8;
 ; End of false expr.
    %blend;
T_2.38;
    %assign/vec4 v00000160f66e4540_0, 0;
    %jmp T_2.12;
T_2.9 ;
    %load/vec4 v00000160f6751350_0;
    %flag_set/vec4 8;
    %jmp/0 T_2.41, 8;
    %pushi/vec4 10, 0, 5;
    %jmp/1 T_2.42, 8;
T_2.41 ; End of true expr.
    %pushi/vec4 9, 0, 5;
    %jmp/0 T_2.42, 8;
 ; End of false expr.
    %blend;
T_2.42;
    %assign/vec4 v00000160f66e4540_0, 0;
    %jmp T_2.12;
T_2.10 ;
    %pushi/vec4 0, 0, 5;
    %assign/vec4 v00000160f66e4540_0, 0;
    %jmp T_2.12;
T_2.12 ;
    %pop/vec4 1;
    %jmp T_2;
    .thread T_2, $push;
    .scope S_00000160f6696a20;
T_3 ;
    %wait E_00000160f66de8e0;
    %load/vec4 v00000160f6751120_0;
    %pad/u 32;
    %cmpi/e 0, 0, 32;
    %jmp/0xz  T_3.0, 4;
    %pushi/vec4 0, 0, 16;
    %assign/vec4 v00000160f6696c50_0, 0;
    %pushi/vec4 0, 0, 5;
    %assign/vec4 v00000160f66e4540_0, 0;
    %jmp T_3.1;
T_3.0 ;
    %load/vec4 v00000160f66e44a0_0;
    %dup/vec4;
    %pushi/vec4 0, 0, 5;
    %cmp/u;
    %jmp/1 T_3.2, 6;
    %dup/vec4;
    %pushi/vec4 1, 0, 5;
    %cmp/u;
    %jmp/1 T_3.3, 6;
    %dup/vec4;
    %pushi/vec4 2, 0, 5;
    %cmp/u;
    %jmp/1 T_3.4, 6;
    %dup/vec4;
    %pushi/vec4 3, 0, 5;
    %cmp/u;
    %jmp/1 T_3.5, 6;
    %dup/vec4;
    %pushi/vec4 4, 0, 5;
    %cmp/u;
    %jmp/1 T_3.6, 6;
    %dup/vec4;
    %pushi/vec4 5, 0, 5;
    %cmp/u;
    %jmp/1 T_3.7, 6;
    %dup/vec4;
    %pushi/vec4 6, 0, 5;
    %cmp/u;
    %jmp/1 T_3.8, 6;
    %dup/vec4;
    %pushi/vec4 7, 0, 5;
    %cmp/u;
    %jmp/1 T_3.9, 6;
    %dup/vec4;
    %pushi/vec4 8, 0, 5;
    %cmp/u;
    %jmp/1 T_3.10, 6;
    %dup/vec4;
    %pushi/vec4 9, 0, 5;
    %cmp/u;
    %jmp/1 T_3.11, 6;
    %dup/vec4;
    %pushi/vec4 10, 0, 5;
    %cmp/u;
    %jmp/1 T_3.12, 6;
    %jmp T_3.13;
T_3.2 ;
    %pushi/vec4 0, 0, 1;
    %store/vec4 v00000160f6696e30_0, 0, 1;
    %pushi/vec4 1, 0, 1;
    %store/vec4 v00000160f6751f30_0, 0, 1;
    %pushi/vec4 1, 0, 1;
    %store/vec4 v00000160f6751530_0, 0, 1;
    %jmp T_3.13;
T_3.3 ;
    %pushi/vec4 0, 0, 1;
    %store/vec4 v00000160f6751f30_0, 0, 1;
    %pushi/vec4 1, 0, 1;
    %store/vec4 v00000160f6751530_0, 0, 1;
    %pushi/vec4 82, 0, 8;
    %store/vec4 v00000160f67513f0_0, 0, 8;
    %pushi/vec4 0, 0, 4;
    %store/vec4 v00000160f669b720_0, 0, 4;
    %jmp T_3.13;
T_3.4 ;
    %pushi/vec4 1, 0, 1;
    %store/vec4 v00000160f6751530_0, 0, 1;
    %load/vec4 v00000160f67513f0_0;
    %load/vec4 v00000160f669b720_0;
    %part/u 1;
    %store/vec4 v00000160f6751f30_0, 0, 1;
    %load/vec4 v00000160f6751350_0;
    %flag_set/vec4 8;
    %jmp/0xz  T_3.14, 8;
    %load/vec4 v00000160f669b720_0;
    %pad/u 32;
    %cmpi/e 7, 0, 32;
    %jmp/0xz  T_3.16, 4;
    %pushi/vec4 0, 0, 1;
    %store/vec4 v00000160f6751530_0, 0, 1;
    %jmp T_3.17;
T_3.16 ;
    %load/vec4 v00000160f669b720_0;
    %addi 1, 0, 4;
    %store/vec4 v00000160f669b720_0, 0, 4;
T_3.17 ;
T_3.14 ;
    %jmp T_3.13;
T_3.5 ;
    %pushi/vec4 0, 0, 1;
    %store/vec4 v00000160f6751530_0, 0, 1;
    %load/vec4 v00000160f6751350_0;
    %flag_set/vec4 8;
    %jmp/0xz  T_3.18, 8;
    %load/vec4 v00000160f6751ad0_0;
    %pad/u 32;
    %cmpi/e 0, 0, 32;
    %jmp/0xz  T_3.20, 4;
    %load/vec4 v00000160f6751080_0;
    %store/vec4 v00000160f67513f0_0, 0, 8;
    %pushi/vec4 7, 0, 4;
    %store/vec4 v00000160f669b720_0, 0, 4;
T_3.20 ;
T_3.18 ;
    %jmp T_3.13;
T_3.6 ;
    %pushi/vec4 1, 0, 1;
    %store/vec4 v00000160f6751530_0, 0, 1;
    %load/vec4 v00000160f67513f0_0;
    %load/vec4 v00000160f669b720_0;
    %part/u 1;
    %store/vec4 v00000160f6751f30_0, 0, 1;
    %load/vec4 v00000160f6751350_0;
    %flag_set/vec4 8;
    %jmp/0xz  T_3.22, 8;
    %load/vec4 v00000160f669b720_0;
    %pad/u 32;
    %cmpi/e 0, 0, 32;
    %jmp/0xz  T_3.24, 4;
    %pushi/vec4 0, 0, 1;
    %store/vec4 v00000160f6751530_0, 0, 1;
    %jmp T_3.25;
T_3.24 ;
    %load/vec4 v00000160f669b720_0;
    %subi 1, 0, 4;
    %store/vec4 v00000160f669b720_0, 0, 4;
T_3.25 ;
T_3.22 ;
    %jmp T_3.13;
T_3.7 ;
    %pushi/vec4 1, 0, 1;
    %store/vec4 v00000160f6751530_0, 0, 1;
    %pushi/vec4 1, 0, 1;
    %store/vec4 v00000160f6751f30_0, 0, 1;
    %load/vec4 v00000160f6751350_0;
    %flag_set/vec4 8;
    %jmp/0xz  T_3.26, 8;
    %pushi/vec4 0, 0, 1;
    %store/vec4 v00000160f6751f30_0, 0, 1;
    %pushi/vec4 83, 0, 8;
    %store/vec4 v00000160f67513f0_0, 0, 8;
    %pushi/vec4 7, 0, 4;
    %store/vec4 v00000160f669b720_0, 0, 4;
T_3.26 ;
    %jmp T_3.13;
T_3.8 ;
    %pushi/vec4 1, 0, 1;
    %store/vec4 v00000160f6751530_0, 0, 1;
    %load/vec4 v00000160f67513f0_0;
    %load/vec4 v00000160f669b720_0;
    %part/u 1;
    %store/vec4 v00000160f6751f30_0, 0, 1;
    %load/vec4 v00000160f6751350_0;
    %flag_set/vec4 8;
    %jmp/0xz  T_3.28, 8;
    %load/vec4 v00000160f669b720_0;
    %pad/u 32;
    %cmpi/e 0, 0, 32;
    %jmp/0xz  T_3.30, 4;
    %pushi/vec4 0, 0, 1;
    %store/vec4 v00000160f6751530_0, 0, 1;
    %jmp T_3.31;
T_3.30 ;
    %load/vec4 v00000160f669b720_0;
    %subi 1, 0, 4;
    %store/vec4 v00000160f669b720_0, 0, 4;
T_3.31 ;
T_3.28 ;
    %jmp T_3.13;
T_3.9 ;
    %pushi/vec4 0, 0, 1;
    %store/vec4 v00000160f6751530_0, 0, 1;
    %jmp T_3.13;
T_3.10 ;
    %pushi/vec4 0, 0, 1;
    %store/vec4 v00000160f6751530_0, 0, 1;
    %load/vec4 v00000160f6751350_0;
    %flag_set/vec4 8;
    %jmp/0xz  T_3.32, 8;
    %load/vec4 v00000160f6751ad0_0;
    %ix/getv 4, v00000160f669b720_0;
    %store/vec4 v00000160f67513f0_0, 4, 1;
    %load/vec4 v00000160f669b720_0;
    %pad/u 32;
    %cmpi/e 0, 0, 32;
    %jmp/0xz  T_3.34, 4;
    %pushi/vec4 7, 0, 4;
    %store/vec4 v00000160f669b720_0, 0, 4;
    %load/vec4 v00000160f67513f0_0;
    %store/vec4 v00000160f6696d90_0, 0, 8;
    %pushi/vec4 1, 0, 1;
    %store/vec4 v00000160f6751530_0, 0, 1;
    %pushi/vec4 1, 0, 1;
    %store/vec4 v00000160f6751f30_0, 0, 1;
    %jmp T_3.35;
T_3.34 ;
    %load/vec4 v00000160f669b720_0;
    %subi 1, 0, 4;
    %store/vec4 v00000160f669b720_0, 0, 4;
T_3.35 ;
T_3.32 ;
    %jmp T_3.13;
T_3.11 ;
    %pushi/vec4 1, 0, 1;
    %store/vec4 v00000160f6751530_0, 0, 1;
    %pushi/vec4 0, 0, 1;
    %store/vec4 v00000160f6751f30_0, 0, 1;
    %load/vec4 v00000160f6751350_0;
    %flag_set/vec4 8;
    %jmp/0xz  T_3.36, 8;
    %pushi/vec4 1, 0, 1;
    %store/vec4 v00000160f6751f30_0, 0, 1;
T_3.36 ;
    %jmp T_3.13;
T_3.12 ;
    %pushi/vec4 1, 0, 1;
    %store/vec4 v00000160f6696e30_0, 0, 1;
    %jmp T_3.13;
T_3.13 ;
    %pop/vec4 1;
T_3.1 ;
    %jmp T_3;
    .thread T_3;
# The file index is used to find the file name in the following table.
:file_names 3;
    "N/A";
    "<interactive>";
    "i2c_refactor.v";
